Arguments: 
  /usr/local/bin/node /usr/local/bin/yarn add prettier

PATH: 
  /Users/gemma.black/.composer/vendor/bin:/usr/local/sbin:/usr/local/bin:/usr/bin:/bin:/usr/sbin:/sbin:/Library/Frameworks/Mono.framework/Versions/Current/Commands:/Users/gemma.black/.composer/vendor/bin:/usr/local/sbin:/Applications/Visual Studio Code.app/Contents/Resources/app/bin:/Applications/Visual Studio Code.app/Contents/Resources/app/bin

Yarn version: 
  1.7.0

Node version: 
  7.10.1

Platform: 
  darwin x64

Trace: 
  SyntaxError: /Users/gemma.black/Sites/Kisumu/package.json: Unexpected token } in JSON at position 164
      at JSON.parse (<anonymous>)
      at /usr/local/lib/node_modules/yarn/lib/cli.js:1130:59
      at Generator.next (<anonymous>)
      at step (/usr/local/lib/node_modules/yarn/lib/cli.js:98:30)
      at /usr/local/lib/node_modules/yarn/lib/cli.js:109:13

npm manifest: 
  {
    "name": "kisumu",
    "version": "0.0.1",
    "description": "",
    "main": "script.js",
    "scripts": {
      "test": "echo \"Error: no test specified\" && exit 1",
    },
    "author": "Gemma Black <gblackuk@googlemail.com>",
    "license": "GPLv2.1",
    "dependencies": {},
    "bin": {
      "kisumu": "./kisumu.js"
    },
    "preferGlobal": true,
    "devDependencies": {
    }
  }

yarn manifest: 
  No manifest

Lockfile: 
  No lockfile
